<?xml version="1.0" encoding="UTF-8"?>
<!-- Generated by org.testng.reporters.JUnitReportReporter -->
<testsuite hostname="JIVOXLAPMAC0034.local" name="halodock.test.ApiTestReponse" tests="1" failures="0" timestamp="4 Jun 2020 06:19:34 GMT" time="44.353" errors="0">
  <testcase name="getWeatherLocationId" time="44.353" classname="halodock.test.ApiTestReponse"/>
</testsuite> <!-- halodock.test.ApiTestReponse -->
